2024-10-30 16:27:53.049 +07 [1] LOG:  starting PostgreSQL 16.4 on x86_64-pc-linux-musl, compiled by gcc (Alpine 13.2.1_git20240309) 13.2.1 20240309, 64-bit
2024-10-30 16:27:53.049 +07 [1] LOG:  listening on IPv4 address "0.0.0.0", port 5432
2024-10-30 16:27:53.049 +07 [1] LOG:  listening on IPv6 address "::", port 5432
2024-10-30 16:27:53.055 +07 [1] LOG:  listening on Unix socket "/var/run/postgresql/.s.PGSQL.5432"
2024-10-30 16:27:53.085 +07 [30] LOG:  database system was interrupted; last known up at 2024-10-30 16:24:08 +07
2024-10-30 16:27:57.134 +07 [30] LOG:  database system was not properly shut down; automatic recovery in progress
2024-10-30 16:27:57.157 +07 [30] LOG:  redo starts at 0/2E04238
2024-10-30 16:27:57.158 +07 [30] LOG:  invalid record length at 0/2E04270: expected at least 24, got 0
2024-10-30 16:27:57.158 +07 [30] LOG:  redo done at 0/2E04238 system usage: CPU: user: 0.00 s, system: 0.00 s, elapsed: 0.00 s
2024-10-30 16:27:57.189 +07 [28] LOG:  checkpoint starting: end-of-recovery immediate wait
2024-10-30 16:27:57.228 +07 [28] LOG:  checkpoint complete: wrote 3 buffers (0.0%); 0 WAL file(s) added, 0 removed, 0 recycled; write=0.013 s, sync=0.009 s, total=0.042 s; sync files=2, longest=0.007 s, average=0.005 s; distance=0 kB, estimate=0 kB; lsn=0/2E04270, redo lsn=0/2E04270
2024-10-30 16:27:57.238 +07 [1] LOG:  database system is ready to accept connections
2024-10-30 16:30:17.964 +07 [34] FATAL:  no pg_hba.conf entry for host "172.18.0.3", user "postgres", database "perntodo", no encryption
2024-10-30 16:32:10.451 +07 [1] LOG:  received fast shutdown request
2024-10-30 16:32:10.467 +07 [1] LOG:  aborting any active transactions
2024-10-30 16:32:10.483 +07 [1] LOG:  background worker "logical replication launcher" (PID 33) exited with exit code 1
2024-10-30 16:32:10.483 +07 [28] LOG:  shutting down
2024-10-30 16:32:10.486 +07 [28] LOG:  checkpoint starting: shutdown immediate
2024-10-30 16:32:10.539 +07 [28] LOG:  checkpoint complete: wrote 0 buffers (0.0%); 0 WAL file(s) added, 0 removed, 0 recycled; write=0.011 s, sync=0.001 s, total=0.056 s; sync files=0, longest=0.000 s, average=0.000 s; distance=0 kB, estimate=0 kB; lsn=0/2E04320, redo lsn=0/2E04320
2024-10-30 16:32:10.569 +07 [1] LOG:  database system is shut down
